
*** Running vivado
    with args -log main.vdi -applog -m64 -product Vivado -messageDb vivado.pb -mode batch -source main.tcl -notrace



****** Vivado v2025.1 (64-bit)
  **** SW Build 6140274 on Thu May 22 00:12:29 MDT 2025
  **** IP Build 6138677 on Thu May 22 03:10:11 MDT 2025
  **** SharedData Build 6139179 on Tue May 20 17:58:58 MDT 2025
  **** Start of session at: Fri Mar 13 16:32:26 2026
    ** Copyright 1986-2022 Xilinx, Inc. All Rights Reserved.
    ** Copyright 2022-2025 Advanced Micro Devices, Inc. All Rights Reserved.

source main.tcl -notrace
Command: link_design -top main -part xc7a100tcsg324-1
Design is defaulting to srcset: sources_1
Design is defaulting to constrset: constrs_1
INFO: [Device 21-403] Loading part xc7a100tcsg324-1
INFO: [Project 1-454] Reading design checkpoint 'g:/system/NewCPU/NewCPU.gen/sources_1/ip/ROM_D/ROM_D.dcp' for cell 'U2_ROM_D'
INFO: [Project 1-454] Reading design checkpoint 'g:/system/NewCPU/NewCPU.gen/sources_1/ip/RAM_B/RAM_B.dcp' for cell 'U3_RAM_B'
Netlist sorting complete. Time (s): cpu = 00:00:00 ; elapsed = 00:00:00.024 . Memory (MB): peak = 732.441 ; gain = 0.000
INFO: [Netlist 29-17] Analyzing 449 Unisim elements for replacement
INFO: [Netlist 29-28] Unisim Transformation completed in 0 CPU seconds
INFO: [Project 1-479] Netlist was created with Vivado 2025.1
INFO: [Project 1-570] Preparing netlist for logic optimization
Parsing XDC File [G:/system/icf.xdc]
Finished Parsing XDC File [G:/system/icf.xdc]
INFO: [Opt 31-138] Pushed 1 inverter(s) to 16 load pin(s).
Netlist sorting complete. Time (s): cpu = 00:00:00 ; elapsed = 00:00:00.001 . Memory (MB): peak = 868.898 ; gain = 0.000
INFO: [Project 1-111] Unisim Transformation Summary:
No Unisim elements were transformed.

9 Infos, 0 Warnings, 0 Critical Warnings and 0 Errors encountered.
link_design completed successfully
Command: opt_design
Attempting to get a license for feature 'Implementation' and/or device 'xc7a100t'
INFO: [Common 17-349] Got license for feature 'Implementation' and/or device 'xc7a100t'
Running DRC as a precondition to command opt_design

Starting DRC Task
INFO: [DRC 23-27] Running DRC with 2 threads
INFO: [Project 1-461] DRC finished with 0 Errors
INFO: [Project 1-462] Please refer to the DRC report (report_drc) for more information.

Time (s): cpu = 00:00:01 ; elapsed = 00:00:00.891 . Memory (MB): peak = 907.105 ; gain = 38.207

Starting Cache Timing Information Task
INFO: [Timing 38-35] Done setting XDC timing constraints.
Ending Cache Timing Information Task | Checksum: 30cf4b1bb

Time (s): cpu = 00:00:05 ; elapsed = 00:00:05 . Memory (MB): peak = 1451.617 ; gain = 544.512

Starting Logic Optimization Task

Phase 1 Initialization

Phase 1.1 Core Generation And Design Setup
Phase 1.1 Core Generation And Design Setup | Checksum: 30cf4b1bb

Time (s): cpu = 00:00:00 ; elapsed = 00:00:00.003 . Memory (MB): peak = 1884.832 ; gain = 0.000

Phase 1.2 Setup Constraints And Sort Netlist
Phase 1.2 Setup Constraints And Sort Netlist | Checksum: 30cf4b1bb

Time (s): cpu = 00:00:00 ; elapsed = 00:00:00.006 . Memory (MB): peak = 1884.832 ; gain = 0.000
Phase 1 Initialization | Checksum: 30cf4b1bb

Time (s): cpu = 00:00:00 ; elapsed = 00:00:00.007 . Memory (MB): peak = 1884.832 ; gain = 0.000

Phase 2 Timer Update And Timing Data Collection

Phase 2.1 Timer Update
Phase 2.1 Timer Update | Checksum: 30cf4b1bb

Time (s): cpu = 00:00:00 ; elapsed = 00:00:00.051 . Memory (MB): peak = 1884.832 ; gain = 0.000

Phase 2.2 Timing Data Collection
Phase 2.2 Timing Data Collection | Checksum: 30cf4b1bb

Time (s): cpu = 00:00:00 ; elapsed = 00:00:00.060 . Memory (MB): peak = 1884.832 ; gain = 0.000
Phase 2 Timer Update And Timing Data Collection | Checksum: 30cf4b1bb

Time (s): cpu = 00:00:00 ; elapsed = 00:00:00.061 . Memory (MB): peak = 1884.832 ; gain = 0.000

Phase 3 Retarget
INFO: [Opt 31-1851] Number of loadless carry chains removed were: 0
INFO: [Opt 31-1834] Total Chains To Be Transformed Were: 0 AND Number of Transformed insts Created are: 0
INFO: [Opt 31-138] Pushed 4 inverter(s) to 90 load pin(s).
CRITICAL WARNING: [Opt 31-430] Found a FDCE that its data pin is undriven. Driver is required to prevent unexpected behavior:U5_Multi_8CH32/_Data3_reg[10]
CRITICAL WARNING: [Opt 31-430] Found a FDCE that its data pin is undriven. Driver is required to prevent unexpected behavior:U5_Multi_8CH32/_Data3_reg[11]
CRITICAL WARNING: [Opt 31-430] Found a FDCE that its data pin is undriven. Driver is required to prevent unexpected behavior:U5_Multi_8CH32/_Data3_reg[12]
CRITICAL WARNING: [Opt 31-430] Found a FDCE that its data pin is undriven. Driver is required to prevent unexpected behavior:U5_Multi_8CH32/_Data3_reg[13]
CRITICAL WARNING: [Opt 31-430] Found a FDCE that its data pin is undriven. Driver is required to prevent unexpected behavior:U5_Multi_8CH32/_Data3_reg[14]
CRITICAL WARNING: [Opt 31-430] Found a FDCE that its data pin is undriven. Driver is required to prevent unexpected behavior:U5_Multi_8CH32/_Data3_reg[15]
CRITICAL WARNING: [Opt 31-430] Found a FDCE that its data pin is undriven. Driver is required to prevent unexpected behavior:U5_Multi_8CH32/_Data3_reg[16]
CRITICAL WARNING: [Opt 31-430] Found a FDCE that its data pin is undriven. Driver is required to prevent unexpected behavior:U5_Multi_8CH32/_Data3_reg[17]
CRITICAL WARNING: [Opt 31-430] Found a FDCE that its data pin is undriven. Driver is required to prevent unexpected behavior:U5_Multi_8CH32/_Data3_reg[18]
CRITICAL WARNING: [Opt 31-430] Found a FDCE that its data pin is undriven. Driver is required to prevent unexpected behavior:U5_Multi_8CH32/_Data3_reg[19]
CRITICAL WARNING: [Opt 31-430] Found a FDCE that its data pin is undriven. Driver is required to prevent unexpected behavior:U5_Multi_8CH32/_Data3_reg[1]
CRITICAL WARNING: [Opt 31-430] Found a FDCE that its data pin is undriven. Driver is required to prevent unexpected behavior:U5_Multi_8CH32/_Data3_reg[20]
CRITICAL WARNING: [Opt 31-430] Found a FDCE that its data pin is undriven. Driver is required to prevent unexpected behavior:U5_Multi_8CH32/_Data3_reg[21]
CRITICAL WARNING: [Opt 31-430] Found a FDCE that its data pin is undriven. Driver is required to prevent unexpected behavior:U5_Multi_8CH32/_Data3_reg[22]
CRITICAL WARNING: [Opt 31-430] Found a FDCE that its data pin is undriven. Driver is required to prevent unexpected behavior:U5_Multi_8CH32/_Data3_reg[23]
CRITICAL WARNING: [Opt 31-430] Found a FDCE that its data pin is undriven. Driver is required to prevent unexpected behavior:U5_Multi_8CH32/_Data3_reg[24]
CRITICAL WARNING: [Opt 31-430] Found a FDCE that its data pin is undriven. Driver is required to prevent unexpected behavior:U5_Multi_8CH32/_Data3_reg[25]
CRITICAL WARNING: [Opt 31-430] Found a FDCE that its data pin is undriven. Driver is required to prevent unexpected behavior:U5_Multi_8CH32/_Data3_reg[26]
CRITICAL WARNING: [Opt 31-430] Found a FDCE that its data pin is undriven. Driver is required to prevent unexpected behavior:U5_Multi_8CH32/_Data3_reg[27]
CRITICAL WARNING: [Opt 31-430] Found a FDCE that its data pin is undriven. Driver is required to prevent unexpected behavior:U5_Multi_8CH32/_Data3_reg[28]
CRITICAL WARNING: [Opt 31-430] Found a FDCE that its data pin is undriven. Driver is required to prevent unexpected behavior:U5_Multi_8CH32/_Data3_reg[29]
CRITICAL WARNING: [Opt 31-430] Found a FDCE that its data pin is undriven. Driver is required to prevent unexpected behavior:U5_Multi_8CH32/_Data3_reg[2]
CRITICAL WARNING: [Opt 31-430] Found a FDCE that its data pin is undriven. Driver is required to prevent unexpected behavior:U5_Multi_8CH32/_Data3_reg[30]
CRITICAL WARNING: [Opt 31-430] Found a FDCE that its data pin is undriven. Driver is required to prevent unexpected behavior:U5_Multi_8CH32/_Data3_reg[31]
CRITICAL WARNING: [Opt 31-430] Found a FDCE that its data pin is undriven. Driver is required to prevent unexpected behavior:U5_Multi_8CH32/_Data3_reg[3]
CRITICAL WARNING: [Opt 31-430] Found a FDCE that its data pin is undriven. Driver is required to prevent unexpected behavior:U5_Multi_8CH32/_Data3_reg[4]
CRITICAL WARNING: [Opt 31-430] Found a FDCE that its data pin is undriven. Driver is required to prevent unexpected behavior:U5_Multi_8CH32/_Data3_reg[5]
CRITICAL WARNING: [Opt 31-430] Found a FDCE that its data pin is undriven. Driver is required to prevent unexpected behavior:U5_Multi_8CH32/_Data3_reg[6]
CRITICAL WARNING: [Opt 31-430] Found a FDCE that its data pin is undriven. Driver is required to prevent unexpected behavior:U5_Multi_8CH32/_Data3_reg[7]
CRITICAL WARNING: [Opt 31-430] Found a FDCE that its data pin is undriven. Driver is required to prevent unexpected behavior:U5_Multi_8CH32/_Data3_reg[8]
CRITICAL WARNING: [Opt 31-430] Found a FDCE that its data pin is undriven. Driver is required to prevent unexpected behavior:U5_Multi_8CH32/_Data3_reg[9]
INFO: [Opt 31-49] Retargeted 0 cell(s).
Phase 3 Retarget | Checksum: 316235f53

Time (s): cpu = 00:00:00 ; elapsed = 00:00:00.120 . Memory (MB): peak = 1884.832 ; gain = 0.000
Retarget | Checksum: 316235f53
INFO: [Opt 31-389] Phase Retarget created 29 cells and removed 33 cells

Phase 4 Constant propagation
CRITICAL WARNING: [Opt 31-430] Found a FDCE that its data pin is undriven. Driver is required to prevent unexpected behavior:U5_Multi_8CH32/_Data3_reg[10]
CRITICAL WARNING: [Opt 31-430] Found a FDCE that its data pin is undriven. Driver is required to prevent unexpected behavior:U5_Multi_8CH32/_Data3_reg[11]
CRITICAL WARNING: [Opt 31-430] Found a FDCE that its data pin is undriven. Driver is required to prevent unexpected behavior:U5_Multi_8CH32/_Data3_reg[12]
CRITICAL WARNING: [Opt 31-430] Found a FDCE that its data pin is undriven. Driver is required to prevent unexpected behavior:U5_Multi_8CH32/_Data3_reg[13]
CRITICAL WARNING: [Opt 31-430] Found a FDCE that its data pin is undriven. Driver is required to prevent unexpected behavior:U5_Multi_8CH32/_Data3_reg[14]
CRITICAL WARNING: [Opt 31-430] Found a FDCE that its data pin is undriven. Driver is required to prevent unexpected behavior:U5_Multi_8CH32/_Data3_reg[15]
CRITICAL WARNING: [Opt 31-430] Found a FDCE that its data pin is undriven. Driver is required to prevent unexpected behavior:U5_Multi_8CH32/_Data3_reg[16]
CRITICAL WARNING: [Opt 31-430] Found a FDCE that its data pin is undriven. Driver is required to prevent unexpected behavior:U5_Multi_8CH32/_Data3_reg[17]
CRITICAL WARNING: [Opt 31-430] Found a FDCE that its data pin is undriven. Driver is required to prevent unexpected behavior:U5_Multi_8CH32/_Data3_reg[18]
CRITICAL WARNING: [Opt 31-430] Found a FDCE that its data pin is undriven. Driver is required to prevent unexpected behavior:U5_Multi_8CH32/_Data3_reg[19]
CRITICAL WARNING: [Opt 31-430] Found a FDCE that its data pin is undriven. Driver is required to prevent unexpected behavior:U5_Multi_8CH32/_Data3_reg[1]
CRITICAL WARNING: [Opt 31-430] Found a FDCE that its data pin is undriven. Driver is required to prevent unexpected behavior:U5_Multi_8CH32/_Data3_reg[20]
CRITICAL WARNING: [Opt 31-430] Found a FDCE that its data pin is undriven. Driver is required to prevent unexpected behavior:U5_Multi_8CH32/_Data3_reg[21]
CRITICAL WARNING: [Opt 31-430] Found a FDCE that its data pin is undriven. Driver is required to prevent unexpected behavior:U5_Multi_8CH32/_Data3_reg[22]
CRITICAL WARNING: [Opt 31-430] Found a FDCE that its data pin is undriven. Driver is required to prevent unexpected behavior:U5_Multi_8CH32/_Data3_reg[23]
CRITICAL WARNING: [Opt 31-430] Found a FDCE that its data pin is undriven. Driver is required to prevent unexpected behavior:U5_Multi_8CH32/_Data3_reg[24]
CRITICAL WARNING: [Opt 31-430] Found a FDCE that its data pin is undriven. Driver is required to prevent unexpected behavior:U5_Multi_8CH32/_Data3_reg[25]
CRITICAL WARNING: [Opt 31-430] Found a FDCE that its data pin is undriven. Driver is required to prevent unexpected behavior:U5_Multi_8CH32/_Data3_reg[26]
CRITICAL WARNING: [Opt 31-430] Found a FDCE that its data pin is undriven. Driver is required to prevent unexpected behavior:U5_Multi_8CH32/_Data3_reg[27]
CRITICAL WARNING: [Opt 31-430] Found a FDCE that its data pin is undriven. Driver is required to prevent unexpected behavior:U5_Multi_8CH32/_Data3_reg[28]
CRITICAL WARNING: [Opt 31-430] Found a FDCE that its data pin is undriven. Driver is required to prevent unexpected behavior:U5_Multi_8CH32/_Data3_reg[29]
CRITICAL WARNING: [Opt 31-430] Found a FDCE that its data pin is undriven. Driver is required to prevent unexpected behavior:U5_Multi_8CH32/_Data3_reg[2]
CRITICAL WARNING: [Opt 31-430] Found a FDCE that its data pin is undriven. Driver is required to prevent unexpected behavior:U5_Multi_8CH32/_Data3_reg[30]
CRITICAL WARNING: [Opt 31-430] Found a FDCE that its data pin is undriven. Driver is required to prevent unexpected behavior:U5_Multi_8CH32/_Data3_reg[31]
CRITICAL WARNING: [Opt 31-430] Found a FDCE that its data pin is undriven. Driver is required to prevent unexpected behavior:U5_Multi_8CH32/_Data3_reg[3]
CRITICAL WARNING: [Opt 31-430] Found a FDCE that its data pin is undriven. Driver is required to prevent unexpected behavior:U5_Multi_8CH32/_Data3_reg[4]
CRITICAL WARNING: [Opt 31-430] Found a FDCE that its data pin is undriven. Driver is required to prevent unexpected behavior:U5_Multi_8CH32/_Data3_reg[5]
CRITICAL WARNING: [Opt 31-430] Found a FDCE that its data pin is undriven. Driver is required to prevent unexpected behavior:U5_Multi_8CH32/_Data3_reg[6]
CRITICAL WARNING: [Opt 31-430] Found a FDCE that its data pin is undriven. Driver is required to prevent unexpected behavior:U5_Multi_8CH32/_Data3_reg[7]
CRITICAL WARNING: [Opt 31-430] Found a FDCE that its data pin is undriven. Driver is required to prevent unexpected behavior:U5_Multi_8CH32/_Data3_reg[8]
CRITICAL WARNING: [Opt 31-430] Found a FDCE that its data pin is undriven. Driver is required to prevent unexpected behavior:U5_Multi_8CH32/_Data3_reg[9]
INFO: [Opt 31-138] Pushed 0 inverter(s) to 0 load pin(s).
Phase 4 Constant propagation | Checksum: 339c57469

Time (s): cpu = 00:00:00 ; elapsed = 00:00:00.148 . Memory (MB): peak = 1884.832 ; gain = 0.000
Constant propagation | Checksum: 339c57469
INFO: [Opt 31-389] Phase Constant propagation created 1 cells and removed 68 cells

Phase 5 Sweep
INFO: [Constraints 18-11670] Building netlist checker database with flags, 0x8
Done building netlist checker database: Time (s): cpu = 00:00:00 ; elapsed = 00:00:00.001 . Memory (MB): peak = 1884.832 ; gain = 0.000
INFO: [Constraints 18-11670] Building netlist checker database with flags, 0x8
Done building netlist checker database: Time (s): cpu = 00:00:00 ; elapsed = 00:00:00.001 . Memory (MB): peak = 1884.832 ; gain = 0.000
Phase 5 Sweep | Checksum: 284547625

Time (s): cpu = 00:00:00 ; elapsed = 00:00:00.196 . Memory (MB): peak = 1884.832 ; gain = 0.000
Sweep | Checksum: 284547625
INFO: [Opt 31-389] Phase Sweep created 16 cells and removed 27 cells

Phase 6 BUFG optimization
INFO: [Opt 31-274] Optimized connectivity to 2 cascaded buffer cells
Phase 6 BUFG optimization | Checksum: 3218f04f3

Time (s): cpu = 00:00:00 ; elapsed = 00:00:00.220 . Memory (MB): peak = 1884.832 ; gain = 0.000
BUFG optimization | Checksum: 3218f04f3
INFO: [Opt 31-662] Phase BUFG optimization created 0 cells of which 0 are BUFGs and removed 2 cells.

Phase 7 Shift Register Optimization
INFO: [Opt 31-1064] SRL Remap converted 0 SRLs to 0 registers and converted 0 registers of register chains to 0 SRLs
Phase 7 Shift Register Optimization | Checksum: 3218f04f3

Time (s): cpu = 00:00:00 ; elapsed = 00:00:00.224 . Memory (MB): peak = 1884.832 ; gain = 0.000
Shift Register Optimization | Checksum: 3218f04f3
INFO: [Opt 31-389] Phase Shift Register Optimization created 0 cells and removed 0 cells

Phase 8 Post Processing Netlist
Phase 8 Post Processing Netlist | Checksum: 2ccdfde36

Time (s): cpu = 00:00:00 ; elapsed = 00:00:00.233 . Memory (MB): peak = 1884.832 ; gain = 0.000
Post Processing Netlist | Checksum: 2ccdfde36
INFO: [Opt 31-389] Phase Post Processing Netlist created 0 cells and removed 0 cells

Phase 9 Finalization

Phase 9.1 Finalizing Design Cores and Updating Shapes
Phase 9.1 Finalizing Design Cores and Updating Shapes | Checksum: 24ac0e48f

Time (s): cpu = 00:00:00 ; elapsed = 00:00:00.279 . Memory (MB): peak = 1884.832 ; gain = 0.000

Phase 9.2 Verifying Netlist Connectivity

Starting Connectivity Check Task

Time (s): cpu = 00:00:00 ; elapsed = 00:00:00.010 . Memory (MB): peak = 1884.832 ; gain = 0.000
Phase 9.2 Verifying Netlist Connectivity | Checksum: 24ac0e48f

Time (s): cpu = 00:00:00 ; elapsed = 00:00:00.290 . Memory (MB): peak = 1884.832 ; gain = 0.000
Phase 9 Finalization | Checksum: 24ac0e48f

Time (s): cpu = 00:00:00 ; elapsed = 00:00:00.291 . Memory (MB): peak = 1884.832 ; gain = 0.000
Opt_design Change Summary
=========================


-------------------------------------------------------------------------------------------------------------------------
|  Phase                        |  #Cells created  |  #Cells Removed  |  #Constrained objects preventing optimizations  |
-------------------------------------------------------------------------------------------------------------------------
|  Retarget                     |              29  |              33  |                                              0  |
|  Constant propagation         |               1  |              68  |                                              0  |
|  Sweep                        |              16  |              27  |                                              0  |
|  BUFG optimization            |               0  |               2  |                                              0  |
|  Shift Register Optimization  |               0  |               0  |                                              0  |
|  Post Processing Netlist      |               0  |               0  |                                              0  |
-------------------------------------------------------------------------------------------------------------------------


Ending Logic Optimization Task | Checksum: 24ac0e48f

Time (s): cpu = 00:00:00 ; elapsed = 00:00:00.293 . Memory (MB): peak = 1884.832 ; gain = 0.000

Starting Power Optimization Task
INFO: [Pwropt 34-132] Skipping clock gating for clocks with a period < 2.00 ns.
INFO: [Timing 38-35] Done setting XDC timing constraints.
Running Vector-less Activity Propagation...
INFO: [Pwropt 34-9] Applying IDT optimizations ...
INFO: [Pwropt 34-10] Applying ODC optimizations ...

Finished Running Vector-less Activity Propagation


Starting PowerOpt Patch Enables Task
INFO: [Pwropt 34-162] WRITE_MODE attribute of 0 BRAM(s) out of a total of 4 has been updated to save power. Run report_power_opt to get a complete listing of the BRAMs updated.
INFO: [Pwropt 34-201] Structural ODC has moved 0 WE to EN ports
Number of BRAM Ports augmented: 0 newly gated: 0 Total Ports: 8
Ending PowerOpt Patch Enables Task | Checksum: 24ac0e48f

Time (s): cpu = 00:00:00 ; elapsed = 00:00:00.021 . Memory (MB): peak = 1950.832 ; gain = 0.000
Ending Power Optimization Task | Checksum: 24ac0e48f

Time (s): cpu = 00:00:02 ; elapsed = 00:00:00.917 . Memory (MB): peak = 1950.832 ; gain = 66.000

Starting Final Cleanup Task
Ending Final Cleanup Task | Checksum: 24ac0e48f

Time (s): cpu = 00:00:00 ; elapsed = 00:00:00.001 . Memory (MB): peak = 1950.832 ; gain = 0.000

Starting Netlist Obfuscation Task
Netlist sorting complete. Time (s): cpu = 00:00:00 ; elapsed = 00:00:00.002 . Memory (MB): peak = 1950.832 ; gain = 0.000
Ending Netlist Obfuscation Task | Checksum: 24ac0e48f

Time (s): cpu = 00:00:00 ; elapsed = 00:00:00.003 . Memory (MB): peak = 1950.832 ; gain = 0.000
INFO: [Common 17-83] Releasing license: Implementation
36 Infos, 0 Warnings, 62 Critical Warnings and 0 Errors encountered.
opt_design completed successfully
opt_design: Time (s): cpu = 00:00:10 ; elapsed = 00:00:10 . Memory (MB): peak = 1950.832 ; gain = 1081.934
INFO: [Vivado 12-24828] Executing command : report_drc -file main_drc_opted.rpt -pb main_drc_opted.pb -rpx main_drc_opted.rpx
Command: report_drc -file main_drc_opted.rpt -pb main_drc_opted.pb -rpx main_drc_opted.rpx
INFO: [IP_Flow 19-1839] IP Catalog is up to date.
INFO: [DRC 23-27] Running DRC with 2 threads
INFO: [Vivado_Tcl 2-168] The results of DRC are in file G:/system/NewCPU/NewCPU.runs/impl_1/main_drc_opted.rpt.
report_drc completed successfully
INFO: [Timing 38-480] Writing timing data to binary archive.
Wrote PlaceDB: Time (s): cpu = 00:00:00 ; elapsed = 00:00:00.003 . Memory (MB): peak = 1950.832 ; gain = 0.000
Write ShapeDB Complete: Time (s): cpu = 00:00:00 ; elapsed = 00:00:00.006 . Memory (MB): peak = 1950.832 ; gain = 0.000
Wrote PulsedLatchDB: Time (s): cpu = 00:00:00 ; elapsed = 00:00:00 . Memory (MB): peak = 1950.832 ; gain = 0.000
Writing XDEF routing.
Writing XDEF routing logical nets.
Writing XDEF routing special nets.
Wrote RouteStorage: Time (s): cpu = 00:00:00 ; elapsed = 00:00:00.014 . Memory (MB): peak = 1950.832 ; gain = 0.000
Wrote Netlist Cache: Time (s): cpu = 00:00:00 ; elapsed = 00:00:00 . Memory (MB): peak = 1950.832 ; gain = 0.000
Wrote Device Cache: Time (s): cpu = 00:00:00 ; elapsed = 00:00:00.005 . Memory (MB): peak = 1950.832 ; gain = 0.000
Write Physdb Complete: Time (s): cpu = 00:00:00 ; elapsed = 00:00:00.028 . Memory (MB): peak = 1950.832 ; gain = 0.000
INFO: [Common 17-1381] The checkpoint 'G:/system/NewCPU/NewCPU.runs/impl_1/main_opt.dcp' has been generated.
Command: place_design
Attempting to get a license for feature 'Implementation' and/or device 'xc7a100t'
INFO: [Common 17-349] Got license for feature 'Implementation' and/or device 'xc7a100t'
INFO: [Common 17-83] Releasing license: Implementation
INFO: [DRC 23-27] Running DRC with 2 threads
INFO: [Vivado_Tcl 4-198] DRC finished with 0 Errors
INFO: [Vivado_Tcl 4-199] Please refer to the DRC report (report_drc) for more information.
Running DRC as a precondition to command place_design
INFO: [DRC 23-27] Running DRC with 2 threads
INFO: [Vivado_Tcl 4-198] DRC finished with 0 Errors, 52 Warnings
INFO: [Vivado_Tcl 4-199] Please refer to the DRC report (report_drc) for more information.
INFO: [Place 30-611] Multithreading enabled for place_design using a maximum of 2 CPUs

Starting Placer Task

Phase 1 Placer Initialization

Phase 1.1 Placer Initialization Netlist Sorting
Netlist sorting complete. Time (s): cpu = 00:00:00 ; elapsed = 00:00:00.002 . Memory (MB): peak = 1950.832 ; gain = 0.000
Phase 1.1 Placer Initialization Netlist Sorting | Checksum: 1a1c7b92c

Time (s): cpu = 00:00:00 ; elapsed = 00:00:00.004 . Memory (MB): peak = 1950.832 ; gain = 0.000
Netlist sorting complete. Time (s): cpu = 00:00:00 ; elapsed = 00:00:00.001 . Memory (MB): peak = 1950.832 ; gain = 0.000

Phase 1.2 IO Placement/ Clock Placement/ Build Placer Device
INFO: [Timing 38-35] Done setting XDC timing constraints.
Phase 1.2 IO Placement/ Clock Placement/ Build Placer Device | Checksum: 2673cca24

Time (s): cpu = 00:00:01 ; elapsed = 00:00:00.479 . Memory (MB): peak = 1950.832 ; gain = 0.000

Phase 1.3 Build Placer Netlist Model
Phase 1.3 Build Placer Netlist Model | Checksum: 2bd1ebecd

Time (s): cpu = 00:00:01 ; elapsed = 00:00:00.853 . Memory (MB): peak = 1950.832 ; gain = 0.000

Phase 1.4 Constrain Clocks/Macros
Phase 1.4 Constrain Clocks/Macros | Checksum: 2bd1ebecd

Time (s): cpu = 00:00:01 ; elapsed = 00:00:00.858 . Memory (MB): peak = 1950.832 ; gain = 0.000
Phase 1 Placer Initialization | Checksum: 2bd1ebecd

Time (s): cpu = 00:00:01 ; elapsed = 00:00:00.866 . Memory (MB): peak = 1950.832 ; gain = 0.000

Phase 2 Global Placement

Phase 2.1 Floorplanning
Phase 2.1 Floorplanning | Checksum: 2ee26d48b

Time (s): cpu = 00:00:01 ; elapsed = 00:00:00.896 . Memory (MB): peak = 1950.832 ; gain = 0.000

Phase 2.2 Update Timing before SLR Path Opt
Phase 2.2 Update Timing before SLR Path Opt | Checksum: 33514d0ea

Time (s): cpu = 00:00:01 ; elapsed = 00:00:00.925 . Memory (MB): peak = 1950.832 ; gain = 0.000

Phase 2.3 Post-Processing in Floorplanning
Phase 2.3 Post-Processing in Floorplanning | Checksum: 33514d0ea

Time (s): cpu = 00:00:01 ; elapsed = 00:00:00.929 . Memory (MB): peak = 1950.832 ; gain = 0.000

Phase 2.4 Global Place Phase1
Phase 2.4 Global Place Phase1 | Checksum: 3048fbc87

Time (s): cpu = 00:00:03 ; elapsed = 00:00:02 . Memory (MB): peak = 1950.832 ; gain = 0.000

Phase 2.5 Global Place Phase2

Phase 2.5.1 UpdateTiming Before Physical Synthesis
Phase 2.5.1 UpdateTiming Before Physical Synthesis | Checksum: 3048fbc87

Time (s): cpu = 00:00:03 ; elapsed = 00:00:02 . Memory (MB): peak = 1950.832 ; gain = 0.000

Phase 2.5.2 Physical Synthesis In Placer
INFO: [Physopt 32-1035] Found 0 LUTNM shape to break, 102 LUT instances to create LUTNM shape
INFO: [Physopt 32-1044] Break lutnm for timing: one critical 0, two critical 0, total 0, new lutff created 0
INFO: [Physopt 32-1138] End 1 Pass. Optimized 37 nets or LUTs. Breaked 0 LUT, combined 37 existing LUTs and moved 0 existing LUT
INFO: [Physopt 32-65] No nets found for high-fanout optimization.
INFO: [Physopt 32-232] Optimized 0 net. Created 0 new instance.
INFO: [Physopt 32-775] End 1 Pass. Optimized 0 net or cell. Created 0 new cell, deleted 0 existing cell and moved 0 existing cell
INFO: [Physopt 32-670] No setup violation found.  DSP Register Optimization was not performed.
INFO: [Physopt 32-670] No setup violation found.  Shift Register to Pipeline Optimization was not performed.
INFO: [Physopt 32-670] No setup violation found.  Shift Register Optimization was not performed.
INFO: [Physopt 32-670] No setup violation found.  BRAM Register Optimization was not performed.
INFO: [Physopt 32-670] No setup violation found.  URAM Register Optimization was not performed.
INFO: [Physopt 32-949] No candidate nets found for dynamic/static region interface net replication
INFO: [Physopt 32-775] End 1 Pass. Optimized 0 net or cell. Created 0 new cell, deleted 0 existing cell and moved 0 existing cell
Netlist sorting complete. Time (s): cpu = 00:00:00 ; elapsed = 00:00:00.001 . Memory (MB): peak = 1950.832 ; gain = 0.000

Summary of Physical Synthesis Optimizations
============================================


-----------------------------------------------------------------------------------------------------------------------------------------------------------
|  Optimization                                     |  Added Cells  |  Removed Cells  |  Optimized Cells/Nets  |  Dont Touch  |  Iterations  |  Elapsed   |
-----------------------------------------------------------------------------------------------------------------------------------------------------------
|  LUT Combining                                    |            0  |             37  |                    37  |           0  |           1  |  00:00:00  |
|  Retime                                           |            0  |              0  |                     0  |           0  |           1  |  00:00:00  |
|  Very High Fanout                                 |            0  |              0  |                     0  |           0  |           1  |  00:00:00  |
|  DSP Register                                     |            0  |              0  |                     0  |           0  |           0  |  00:00:00  |
|  Shift Register to Pipeline                       |            0  |              0  |                     0  |           0  |           0  |  00:00:00  |
|  Shift Register                                   |            0  |              0  |                     0  |           0  |           0  |  00:00:00  |
|  BRAM Register                                    |            0  |              0  |                     0  |           0  |           0  |  00:00:00  |
|  URAM Register                                    |            0  |              0  |                     0  |           0  |           0  |  00:00:00  |
|  Dynamic/Static Region Interface Net Replication  |            0  |              0  |                     0  |           0  |           1  |  00:00:00  |
|  Total                                            |            0  |             37  |                    37  |           0  |           4  |  00:00:00  |
-----------------------------------------------------------------------------------------------------------------------------------------------------------


Phase 2.5.2 Physical Synthesis In Placer | Checksum: 205b91a91

Time (s): cpu = 00:00:03 ; elapsed = 00:00:02 . Memory (MB): peak = 1950.832 ; gain = 0.000
Phase 2.5 Global Place Phase2 | Checksum: 2158bb185

Time (s): cpu = 00:00:03 ; elapsed = 00:00:02 . Memory (MB): peak = 1950.832 ; gain = 0.000
Phase 2 Global Placement | Checksum: 2158bb185

Time (s): cpu = 00:00:03 ; elapsed = 00:00:02 . Memory (MB): peak = 1950.832 ; gain = 0.000

Phase 3 Detail Placement

Phase 3.1 Commit Multi Column Macros
Phase 3.1 Commit Multi Column Macros | Checksum: 1a01a6037

Time (s): cpu = 00:00:03 ; elapsed = 00:00:02 . Memory (MB): peak = 1950.832 ; gain = 0.000

Phase 3.2 Commit Most Macros & LUTRAMs
Phase 3.2 Commit Most Macros & LUTRAMs | Checksum: 22d176975

Time (s): cpu = 00:00:03 ; elapsed = 00:00:02 . Memory (MB): peak = 1950.832 ; gain = 0.000

Phase 3.3 Area Swap Optimization
Phase 3.3 Area Swap Optimization | Checksum: 2a2eedb80

Time (s): cpu = 00:00:03 ; elapsed = 00:00:02 . Memory (MB): peak = 1950.832 ; gain = 0.000

Phase 3.4 Pipeline Register Optimization
Phase 3.4 Pipeline Register Optimization | Checksum: 1d914e44d

Time (s): cpu = 00:00:03 ; elapsed = 00:00:02 . Memory (MB): peak = 1950.832 ; gain = 0.000

Phase 3.5 Small Shape Detail Placement
Phase 3.5 Small Shape Detail Placement | Checksum: 260d960f2

Time (s): cpu = 00:00:04 ; elapsed = 00:00:03 . Memory (MB): peak = 1950.832 ; gain = 0.000

Phase 3.6 Re-assign LUT pins
Phase 3.6 Re-assign LUT pins | Checksum: 1eb57005d

Time (s): cpu = 00:00:04 ; elapsed = 00:00:03 . Memory (MB): peak = 1950.832 ; gain = 0.000

Phase 3.7 Pipeline Register Optimization
Phase 3.7 Pipeline Register Optimization | Checksum: 1b93ceb12

Time (s): cpu = 00:00:04 ; elapsed = 00:00:03 . Memory (MB): peak = 1950.832 ; gain = 0.000
Phase 3 Detail Placement | Checksum: 1b93ceb12

Time (s): cpu = 00:00:04 ; elapsed = 00:00:03 . Memory (MB): peak = 1950.832 ; gain = 0.000

Phase 4 Post Placement Optimization and Clean-Up

Phase 4.1 Post Commit Optimization
INFO: [Timing 38-35] Done setting XDC timing constraints.

Phase 4.1.1 Post Placement Optimization
Post Placement Optimization Initialization | Checksum: 21079dc2e

Phase 4.1.1.1 BUFG Insertion

Starting Physical Synthesis Task

Phase 1 Physical Synthesis Initialization
INFO: [Physopt 32-721] Multithreading enabled for phys_opt_design using a maximum of 2 CPUs
INFO: [Physopt 32-619] Estimated Timing Summary | WNS=95.644 | TNS=0.000 |
Phase 1 Physical Synthesis Initialization | Checksum: 1d113dc39

Time (s): cpu = 00:00:00 ; elapsed = 00:00:00.047 . Memory (MB): peak = 1950.832 ; gain = 0.000
INFO: [Place 46-33] Processed net U9_Counter_x/AR[0], BUFG insertion was skipped due to placement/routing conflicts.
INFO: [Place 46-56] BUFG insertion identified 1 candidate nets. Inserted BUFG: 0, Replicated BUFG Driver: 0, Skipped due to Placement/Routing Conflicts: 1, Skipped due to Timing Degradation: 0, Skipped due to netlist editing failed: 0.
Ending Physical Synthesis Task | Checksum: 28a87fcb5

Time (s): cpu = 00:00:00 ; elapsed = 00:00:00.115 . Memory (MB): peak = 1950.832 ; gain = 0.000
Phase 4.1.1.1 BUFG Insertion | Checksum: 21079dc2e

Time (s): cpu = 00:00:05 ; elapsed = 00:00:04 . Memory (MB): peak = 1950.832 ; gain = 0.000

Phase 4.1.1.2 Post Placement Timing Optimization
INFO: [Place 30-746] Post Placement Timing Summary WNS=95.644. For the most accurate timing information please run report_timing.
Phase 4.1.1.2 Post Placement Timing Optimization | Checksum: 269ff2700

Time (s): cpu = 00:00:05 ; elapsed = 00:00:04 . Memory (MB): peak = 1950.832 ; gain = 0.000

Time (s): cpu = 00:00:05 ; elapsed = 00:00:04 . Memory (MB): peak = 1950.832 ; gain = 0.000
Phase 4.1 Post Commit Optimization | Checksum: 269ff2700

Time (s): cpu = 00:00:05 ; elapsed = 00:00:04 . Memory (MB): peak = 1950.832 ; gain = 0.000

Phase 4.2 Post Placement Cleanup
Phase 4.2 Post Placement Cleanup | Checksum: 269ff2700

Time (s): cpu = 00:00:05 ; elapsed = 00:00:04 . Memory (MB): peak = 1950.832 ; gain = 0.000

Phase 4.3 Placer Reporting

Phase 4.3.1 Print Estimated Congestion
INFO: [Place 30-612] Post-Placement Estimated Congestion 
 ____________________________________________________
|           | Global Congestion | Short Congestion  |
| Direction | Region Size       | Region Size       |
|___________|___________________|___________________|
|      North|                1x1|                1x1|
|___________|___________________|___________________|
|      South|                1x1|                1x1|
|___________|___________________|___________________|
|       East|                1x1|                1x1|
|___________|___________________|___________________|
|       West|                1x1|                1x1|
|___________|___________________|___________________|

Phase 4.3.1 Print Estimated Congestion | Checksum: 269ff2700

Time (s): cpu = 00:00:05 ; elapsed = 00:00:04 . Memory (MB): peak = 1950.832 ; gain = 0.000
Phase 4.3 Placer Reporting | Checksum: 269ff2700

Time (s): cpu = 00:00:05 ; elapsed = 00:00:04 . Memory (MB): peak = 1950.832 ; gain = 0.000

Phase 4.4 Final Placement Cleanup
Netlist sorting complete. Time (s): cpu = 00:00:00 ; elapsed = 00:00:00.002 . Memory (MB): peak = 1950.832 ; gain = 0.000

Time (s): cpu = 00:00:05 ; elapsed = 00:00:04 . Memory (MB): peak = 1950.832 ; gain = 0.000
Phase 4 Post Placement Optimization and Clean-Up | Checksum: 250ded5b1

Time (s): cpu = 00:00:05 ; elapsed = 00:00:04 . Memory (MB): peak = 1950.832 ; gain = 0.000
Ending Placer Task | Checksum: 1c86e8003

Time (s): cpu = 00:00:05 ; elapsed = 00:00:04 . Memory (MB): peak = 1950.832 ; gain = 0.000
72 Infos, 0 Warnings, 62 Critical Warnings and 0 Errors encountered.
place_design completed successfully
INFO: [Vivado 12-24838] Running report commands "report_control_sets, report_io, report_utilization" in parallel.
Running report generation with 2 threads.
INFO: [Vivado 12-24828] Executing command : report_utilization -file main_utilization_placed.rpt -pb main_utilization_placed.pb
INFO: [Vivado 12-24828] Executing command : report_io -file main_io_placed.rpt
report_io: Time (s): cpu = 00:00:01 ; elapsed = 00:00:00.043 . Memory (MB): peak = 1950.832 ; gain = 0.000
INFO: [Vivado 12-24828] Executing command : report_control_sets -verbose -file main_control_sets_placed.rpt
report_control_sets: Time (s): cpu = 00:00:00 ; elapsed = 00:00:00.007 . Memory (MB): peak = 1950.832 ; gain = 0.000
INFO: [Timing 38-480] Writing timing data to binary archive.
Write ShapeDB Complete: Time (s): cpu = 00:00:00 ; elapsed = 00:00:00.005 . Memory (MB): peak = 1950.832 ; gain = 0.000
Wrote PlaceDB: Time (s): cpu = 00:00:00 ; elapsed = 00:00:00.182 . Memory (MB): peak = 1950.832 ; gain = 0.000
Wrote PulsedLatchDB: Time (s): cpu = 00:00:00 ; elapsed = 00:00:00 . Memory (MB): peak = 1950.832 ; gain = 0.000
Writing XDEF routing.
Writing XDEF routing logical nets.
Writing XDEF routing special nets.
Wrote RouteStorage: Time (s): cpu = 00:00:00 ; elapsed = 00:00:00.013 . Memory (MB): peak = 1950.832 ; gain = 0.000
Wrote Netlist Cache: Time (s): cpu = 00:00:00 ; elapsed = 00:00:00.005 . Memory (MB): peak = 1950.832 ; gain = 0.000
Wrote Device Cache: Time (s): cpu = 00:00:00 ; elapsed = 00:00:00.005 . Memory (MB): peak = 1950.832 ; gain = 0.000
Write Physdb Complete: Time (s): cpu = 00:00:00 ; elapsed = 00:00:00.210 . Memory (MB): peak = 1950.832 ; gain = 0.000
INFO: [Common 17-1381] The checkpoint 'G:/system/NewCPU/NewCPU.runs/impl_1/main_placed.dcp' has been generated.
Command: phys_opt_design
Attempting to get a license for feature 'Implementation' and/or device 'xc7a100t'
INFO: [Common 17-349] Got license for feature 'Implementation' and/or device 'xc7a100t'

Starting Initial Update Timing Task

Time (s): cpu = 00:00:01 ; elapsed = 00:00:00.264 . Memory (MB): peak = 1950.832 ; gain = 0.000
INFO: [Vivado_Tcl 4-2279] Estimated Timing Summary | WNS= 95.644 | TNS= 0.000 | 
INFO: [Vivado_Tcl 4-383] Design worst setup slack (WNS) is greater than or equal to 0.000 ns. All physical synthesis setup optimizations will be skipped.
INFO: [Vivado_Tcl 4-232] No setup violation found. The netlist was not modified.
INFO: [Common 17-83] Releasing license: Implementation
83 Infos, 0 Warnings, 62 Critical Warnings and 0 Errors encountered.
phys_opt_design completed successfully
INFO: [Timing 38-480] Writing timing data to binary archive.
Write ShapeDB Complete: Time (s): cpu = 00:00:00 ; elapsed = 00:00:00.005 . Memory (MB): peak = 1950.832 ; gain = 0.000
Wrote PlaceDB: Time (s): cpu = 00:00:00 ; elapsed = 00:00:00.182 . Memory (MB): peak = 1955.898 ; gain = 5.066
Wrote PulsedLatchDB: Time (s): cpu = 00:00:00 ; elapsed = 00:00:00 . Memory (MB): peak = 1955.898 ; gain = 0.000
Writing XDEF routing.
Writing XDEF routing logical nets.
Writing XDEF routing special nets.
Wrote RouteStorage: Time (s): cpu = 00:00:00 ; elapsed = 00:00:00.013 . Memory (MB): peak = 1955.898 ; gain = 0.000
Wrote Netlist Cache: Time (s): cpu = 00:00:00 ; elapsed = 00:00:00.006 . Memory (MB): peak = 1955.898 ; gain = 0.000
Wrote Device Cache: Time (s): cpu = 00:00:00 ; elapsed = 00:00:00.005 . Memory (MB): peak = 1955.898 ; gain = 0.000
Write Physdb Complete: Time (s): cpu = 00:00:00 ; elapsed = 00:00:00.213 . Memory (MB): peak = 1955.898 ; gain = 5.066
INFO: [Common 17-1381] The checkpoint 'G:/system/NewCPU/NewCPU.runs/impl_1/main_physopt.dcp' has been generated.
Command: route_design
Attempting to get a license for feature 'Implementation' and/or device 'xc7a100t'
INFO: [Common 17-349] Got license for feature 'Implementation' and/or device 'xc7a100t'


Starting Routing Task
INFO: [Route 35-254] Multithreading enabled for route_design using a maximum of 2 CPUs

Phase 1 Build RT Design
Checksum: PlaceDB: 368ccbc2 ConstDB: 0 ShapeSum: e00f54ab RouteDB: b1d25f96
Post Restoration Checksum: NetGraph: 111fafd3 | NumContArr: 67b781d5 | Constraints: c2a8fa9d | Timing: c2a8fa9d
Phase 1 Build RT Design | Checksum: 1fe2926e2

Time (s): cpu = 00:00:28 ; elapsed = 00:00:25 . Memory (MB): peak = 2054.316 ; gain = 98.418

Phase 2 Router Initialization

Phase 2.1 Fix Topology Constraints
Phase 2.1 Fix Topology Constraints | Checksum: 1fe2926e2

Time (s): cpu = 00:00:28 ; elapsed = 00:00:25 . Memory (MB): peak = 2054.316 ; gain = 98.418

Phase 2.2 Pre Route Cleanup
Phase 2.2 Pre Route Cleanup | Checksum: 1fe2926e2

Time (s): cpu = 00:00:28 ; elapsed = 00:00:25 . Memory (MB): peak = 2054.316 ; gain = 98.418
 Number of Nodes with overlaps = 0

Phase 2.3 Update Timing
Phase 2.3 Update Timing | Checksum: 22689a83a

Time (s): cpu = 00:00:30 ; elapsed = 00:00:26 . Memory (MB): peak = 2093.746 ; gain = 137.848
INFO: [Route 35-416] Intermediate Timing Summary | WNS=95.400 | TNS=0.000  | WHS=-0.016 | THS=-0.150 |


Phase 2.4 Soft Constraint Pins - Fast Budgeting
Phase 2.4 Soft Constraint Pins - Fast Budgeting | Checksum: 23ce9f89d

Time (s): cpu = 00:00:30 ; elapsed = 00:00:26 . Memory (MB): peak = 2117.820 ; gain = 161.922

Router Utilization Summary
  Global Vertical Routing Utilization    = 0.00330766 %
  Global Horizontal Routing Utilization  = 0.00291276 %
  Routable Net Status*
  *Does not include unroutable nets such as driverless and loadless.
  Run report_route_status for detailed report.
  Number of Failed Nets               = 3282
    (Failed Nets is the sum of unrouted and partially routed nets)
  Number of Unrouted Nets             = 3265
  Number of Partially Routed Nets     = 17
  Number of Node Overlaps             = 36

Phase 2 Router Initialization | Checksum: 23ce9f89d

Time (s): cpu = 00:00:30 ; elapsed = 00:00:27 . Memory (MB): peak = 2117.820 ; gain = 161.922

Phase 3 Global Routing
Phase 3 Global Routing | Checksum: 23ce9f89d

Time (s): cpu = 00:00:30 ; elapsed = 00:00:27 . Memory (MB): peak = 2117.820 ; gain = 161.922

Phase 4 Initial Routing

Phase 4.1 Initial Net Routing Pass
Phase 4.1 Initial Net Routing Pass | Checksum: 206c293e5

Time (s): cpu = 00:00:31 ; elapsed = 00:00:27 . Memory (MB): peak = 2117.820 ; gain = 161.922
Phase 4 Initial Routing | Checksum: 206c293e5

Time (s): cpu = 00:00:31 ; elapsed = 00:00:27 . Memory (MB): peak = 2117.820 ; gain = 161.922

Phase 5 Rip-up And Reroute

Phase 5.1 Global Iteration 0
 Number of Nodes with overlaps = 403
 Number of Nodes with overlaps = 2
 Number of Nodes with overlaps = 0
INFO: [Route 35-416] Intermediate Timing Summary | WNS=95.251 | TNS=0.000  | WHS=N/A    | THS=N/A    |

Phase 5.1 Global Iteration 0 | Checksum: 1d19374a7

Time (s): cpu = 00:00:32 ; elapsed = 00:00:28 . Memory (MB): peak = 2117.820 ; gain = 161.922
Phase 5 Rip-up And Reroute | Checksum: 1d19374a7

Time (s): cpu = 00:00:32 ; elapsed = 00:00:28 . Memory (MB): peak = 2117.820 ; gain = 161.922

Phase 6 Delay and Skew Optimization

Phase 6.1 Delay CleanUp
Phase 6.1 Delay CleanUp | Checksum: 1d19374a7

Time (s): cpu = 00:00:32 ; elapsed = 00:00:28 . Memory (MB): peak = 2117.820 ; gain = 161.922

Phase 6.2 Clock Skew Optimization
Phase 6.2 Clock Skew Optimization | Checksum: 1d19374a7

Time (s): cpu = 00:00:32 ; elapsed = 00:00:28 . Memory (MB): peak = 2117.820 ; gain = 161.922
Phase 6 Delay and Skew Optimization | Checksum: 1d19374a7

Time (s): cpu = 00:00:32 ; elapsed = 00:00:28 . Memory (MB): peak = 2117.820 ; gain = 161.922

Phase 7 Post Hold Fix

Phase 7.1 Hold Fix Iter
INFO: [Route 35-416] Intermediate Timing Summary | WNS=95.348 | TNS=0.000  | WHS=0.246  | THS=0.000  |

Phase 7.1 Hold Fix Iter | Checksum: 2172402d8

Time (s): cpu = 00:00:32 ; elapsed = 00:00:28 . Memory (MB): peak = 2117.820 ; gain = 161.922
Phase 7 Post Hold Fix | Checksum: 2172402d8

Time (s): cpu = 00:00:32 ; elapsed = 00:00:28 . Memory (MB): peak = 2117.820 ; gain = 161.922

Phase 8 Route finalize

Router Utilization Summary
  Global Vertical Routing Utilization    = 0.616225 %
  Global Horizontal Routing Utilization  = 0.852373 %
  Routable Net Status*
  *Does not include unroutable nets such as driverless and loadless.
  Run report_route_status for detailed report.
  Number of Failed Nets               = 0
    (Failed Nets is the sum of unrouted and partially routed nets)
  Number of Unrouted Nets             = 0
  Number of Partially Routed Nets     = 0
  Number of Node Overlaps             = 0

Phase 8 Route finalize | Checksum: 2172402d8

Time (s): cpu = 00:00:32 ; elapsed = 00:00:28 . Memory (MB): peak = 2117.820 ; gain = 161.922

Phase 9 Verifying routed nets

 Verification completed successfully
Phase 9 Verifying routed nets | Checksum: 2172402d8

Time (s): cpu = 00:00:32 ; elapsed = 00:00:28 . Memory (MB): peak = 2117.820 ; gain = 161.922

Phase 10 Depositing Routes
Phase 10 Depositing Routes | Checksum: 1a6c4a11a

Time (s): cpu = 00:00:33 ; elapsed = 00:00:28 . Memory (MB): peak = 2117.820 ; gain = 161.922

Phase 11 Post Process Routing
Phase 11 Post Process Routing | Checksum: 1a6c4a11a

Time (s): cpu = 00:00:33 ; elapsed = 00:00:28 . Memory (MB): peak = 2117.820 ; gain = 161.922

Phase 12 Post Router Timing
INFO: [Route 35-57] Estimated Timing Summary | WNS=95.348 | TNS=0.000  | WHS=0.246  | THS=0.000  |

INFO: [Route 35-327] The final timing numbers are based on the router estimated timing analysis. For a complete and accurate timing signoff, please run report_timing_summary.
Phase 12 Post Router Timing | Checksum: 1a6c4a11a

Time (s): cpu = 00:00:33 ; elapsed = 00:00:28 . Memory (MB): peak = 2117.820 ; gain = 161.922
Total Elapsed time in route_design: 28.141 secs

Phase 13 Post-Route Event Processing
Phase 13 Post-Route Event Processing | Checksum: 25adc6787

Time (s): cpu = 00:00:33 ; elapsed = 00:00:28 . Memory (MB): peak = 2117.820 ; gain = 161.922
INFO: [Route 35-16] Router Completed Successfully
Ending Routing Task | Checksum: 25adc6787

Time (s): cpu = 00:00:33 ; elapsed = 00:00:28 . Memory (MB): peak = 2117.820 ; gain = 161.922

Routing Is Done.
INFO: [Common 17-83] Releasing license: Implementation
94 Infos, 0 Warnings, 62 Critical Warnings and 0 Errors encountered.
route_design completed successfully
route_design: Time (s): cpu = 00:00:33 ; elapsed = 00:00:28 . Memory (MB): peak = 2117.820 ; gain = 161.922
INFO: [Vivado 12-24828] Executing command : report_drc -file main_drc_routed.rpt -pb main_drc_routed.pb -rpx main_drc_routed.rpx
Command: report_drc -file main_drc_routed.rpt -pb main_drc_routed.pb -rpx main_drc_routed.rpx
INFO: [IP_Flow 19-1839] IP Catalog is up to date.
INFO: [DRC 23-27] Running DRC with 2 threads
INFO: [Vivado_Tcl 2-168] The results of DRC are in file G:/system/NewCPU/NewCPU.runs/impl_1/main_drc_routed.rpt.
report_drc completed successfully
INFO: [Vivado 12-24828] Executing command : report_methodology -file main_methodology_drc_routed.rpt -pb main_methodology_drc_routed.pb -rpx main_methodology_drc_routed.rpx
Command: report_methodology -file main_methodology_drc_routed.rpt -pb main_methodology_drc_routed.pb -rpx main_methodology_drc_routed.rpx
INFO: [Timing 38-35] Done setting XDC timing constraints.
INFO: [DRC 23-133] Running Methodology with 2 threads
INFO: [Vivado_Tcl 2-1520] The results of Report Methodology are in file G:/system/NewCPU/NewCPU.runs/impl_1/main_methodology_drc_routed.rpt.
report_methodology completed successfully
INFO: [Vivado 12-24828] Executing command : report_timing_summary -max_paths 10 -routable_nets -report_unconstrained -file main_timing_summary_routed.rpt -pb main_timing_summary_routed.pb -rpx main_timing_summary_routed.rpx -warn_on_violation 
INFO: [Timing 38-35] Done setting XDC timing constraints.
INFO: [Timing 38-91] UpdateTimingParams: Speed grade: -1, Delay Type: min_max.
INFO: [Timing 38-191] Multithreading enabled for timing update using a maximum of 2 CPUs
INFO: [Vivado 12-24838] Running report commands "report_incremental_reuse, report_route_status" in parallel.
Running report generation with 2 threads.
INFO: [Vivado 12-24828] Executing command : report_incremental_reuse -file main_incremental_reuse_routed.rpt
INFO: [Vivado_Tcl 4-1062] Incremental flow is disabled. No incremental reuse Info to report.
INFO: [Vivado 12-24828] Executing command : report_route_status -file main_route_status.rpt -pb main_route_status.pb
INFO: [Vivado 12-24828] Executing command : report_power -file main_power_routed.rpt -pb main_power_summary_routed.pb -rpx main_power_routed.rpx
Command: report_power -file main_power_routed.rpt -pb main_power_summary_routed.pb -rpx main_power_routed.rpx
Running Vector-less Activity Propagation...

Finished Running Vector-less Activity Propagation
111 Infos, 0 Warnings, 62 Critical Warnings and 0 Errors encountered.
report_power completed successfully
INFO: [Vivado 12-24828] Executing command : report_clock_utilization -file main_clock_utilization_routed.rpt
INFO: [Vivado 12-24828] Executing command : report_bus_skew -warn_on_violation -file main_bus_skew_routed.rpt -pb main_bus_skew_routed.pb -rpx main_bus_skew_routed.rpx
INFO: [Timing 38-91] UpdateTimingParams: Speed grade: -1, Delay Type: min_max.
INFO: [Timing 38-191] Multithreading enabled for timing update using a maximum of 2 CPUs
generate_parallel_reports: Time (s): cpu = 00:00:10 ; elapsed = 00:00:06 . Memory (MB): peak = 2152.773 ; gain = 34.953
INFO: [Timing 38-480] Writing timing data to binary archive.
Write ShapeDB Complete: Time (s): cpu = 00:00:00 ; elapsed = 00:00:00.006 . Memory (MB): peak = 2155.961 ; gain = 3.188
Wrote PlaceDB: Time (s): cpu = 00:00:01 ; elapsed = 00:00:00.188 . Memory (MB): peak = 2164.293 ; gain = 8.332
Wrote PulsedLatchDB: Time (s): cpu = 00:00:00 ; elapsed = 00:00:00 . Memory (MB): peak = 2164.293 ; gain = 0.000
Writing XDEF routing.
Writing XDEF routing logical nets.
Writing XDEF routing special nets.
Wrote RouteStorage: Time (s): cpu = 00:00:00 ; elapsed = 00:00:00.036 . Memory (MB): peak = 2164.293 ; gain = 0.000
Wrote Netlist Cache: Time (s): cpu = 00:00:00 ; elapsed = 00:00:00.005 . Memory (MB): peak = 2164.293 ; gain = 0.000
Wrote Device Cache: Time (s): cpu = 00:00:00 ; elapsed = 00:00:00.005 . Memory (MB): peak = 2164.293 ; gain = 0.000
Write Physdb Complete: Time (s): cpu = 00:00:01 ; elapsed = 00:00:00.239 . Memory (MB): peak = 2164.293 ; gain = 8.332
INFO: [Common 17-1381] The checkpoint 'G:/system/NewCPU/NewCPU.runs/impl_1/main_routed.dcp' has been generated.
Command: write_bitstream -force main.bit
Attempting to get a license for feature 'Implementation' and/or device 'xc7a100t'
INFO: [Common 17-349] Got license for feature 'Implementation' and/or device 'xc7a100t'
Running DRC as a precondition to command write_bitstream
INFO: [IP_Flow 19-1839] IP Catalog is up to date.
INFO: [DRC 23-27] Running DRC with 2 threads
INFO: [Vivado 12-3199] DRC finished with 0 Errors
INFO: [Vivado 12-3200] Please refer to the DRC report (report_drc) for more information.
INFO: [Designutils 20-2272] Running write_bitstream with 2 threads.
Loading data files...
Loading site data...
Loading route data...
Processing options...
Creating bitmap...
Creating bitstream...
Writing bitstream ./main.bit...
INFO: [Vivado 12-1842] Bitgen Completed Successfully.
INFO: [Project 1-1876] WebTalk data collection is mandatory when using a ULT device. To see the specific WebTalk data collected for your design, open the usage_statistics_webtalk.html or usage_statistics_webtalk.xml file in the implementation directory.
INFO: [Common 17-83] Releasing license: Implementation
126 Infos, 0 Warnings, 62 Critical Warnings and 0 Errors encountered.
write_bitstream completed successfully
write_bitstream: Time (s): cpu = 00:00:14 ; elapsed = 00:00:11 . Memory (MB): peak = 2666.168 ; gain = 501.875
INFO: [Common 17-206] Exiting Vivado at Fri Mar 13 16:33:40 2026...
